<?xml version="1.0" encoding="UTF-8"?>
<!-- Generated by org.testng.reporters.JUnitReportReporter -->
<testsuite hostname="LKB-L-024" name="quixxiversion3.OverviewAddPlatform" tests="1" failures="0" timestamp="16 May 2018 10:00:05 GMT" time="228.022" errors="0">
  <testcase name="overview_addplatform" time="228.022" classname="quixxiversion3.OverviewAddPlatform"/>
</testsuite> <!-- quixxiversion3.OverviewAddPlatform -->
