<?xml version="1.0" encoding="UTF-8"?>
<!-- Generated by org.testng.reporters.JUnitReportReporter -->
<testsuite hostname="LKB-L-024" name="quixxiversion3.PackageAddPlatform" tests="2" failures="0" timestamp="25 May 2018 09:28:03 GMT" time="372.142" errors="0">
  <testcase name="newUser" time="213.584" classname="quixxiversion3.PackageAddPlatform"/>
  <testcase name="package_addplatform" time="158.558" classname="quixxiversion3.PackageAddPlatform"/>
</testsuite> <!-- quixxiversion3.PackageAddPlatform -->
