<?xml version="1.0" encoding="UTF-8"?>
<!-- Generated by org.testng.reporters.JUnitReportReporter -->
<testsuite hostname="LKB-L-024" name="quixxiversion3.TermsAndConditions" tests="1" failures="0" timestamp="16 May 2018 10:00:05 GMT" time="33.921" errors="0">
  <testcase name="quixxiPolicy" time="33.921" classname="quixxiversion3.TermsAndConditions"/>
</testsuite> <!-- quixxiversion3.TermsAndConditions -->
