<?xml version="1.0" encoding="UTF-8"?>
<!-- Generated by org.testng.reporters.JUnitReportReporter -->
<testsuite hostname="LKB-L-024" name="quixxiversion3.CodeProtect" tests="1" failures="0" timestamp="24 May 2018 07:49:57 GMT" time="210.784" errors="0">
  <testcase name="codeProtectAAR" time="210.784" classname="quixxiversion3.CodeProtect"/>
</testsuite> <!-- quixxiversion3.CodeProtect -->
