<?xml version="1.0" encoding="UTF-8"?>
<!-- Generated by org.testng.reporters.JUnitReportReporter -->
<testsuite hostname="LKB-L-024" name="quixxiversion3.QuixxiAccount" tests="1" failures="0" timestamp="16 May 2018 10:00:04 GMT" time="238.834" errors="0">
  <testcase name="Settings" time="238.834" classname="quixxiversion3.QuixxiAccount"/>
</testsuite> <!-- quixxiversion3.QuixxiAccount -->
