<?xml version="1.0" encoding="UTF-8"?>
<!-- Generated by org.testng.reporters.JUnitReportReporter -->
<testsuite hostname="LKB-L-024" name="quixxiversion3.RunClasses" tests="2" failures="0" timestamp="6 Oct 2017 08:59:06 GMT" time="41.447" errors="0">
  <testcase name="chrome" time="36.416" classname="quixxiversion3.RunClasses"/>
  <testcase name="createReport" time="5.031" classname="quixxiversion3.RunClasses"/>
</testsuite> <!-- quixxiversion3.RunClasses -->
