<?xml version="1.0" encoding="UTF-8"?>
<!-- Generated by org.testng.reporters.JUnitReportReporter -->
<testsuite hostname="LKB-L-024" name="quixxiversion3.SignInPage" tests="1" failures="0" timestamp="25 May 2018 09:28:03 GMT" time="55.108" errors="0">
  <testcase name="signin" time="55.108" classname="quixxiversion3.SignInPage"/>
</testsuite> <!-- quixxiversion3.SignInPage -->
