<?xml version="1.0" encoding="UTF-8"?>
<!-- Generated by org.testng.reporters.JUnitReportReporter -->
<testsuite hostname="LKB-L-024" name="quixxiversion3.SignIn" tests="1" failures="0" timestamp="22 Sep 2017 10:54:14 GMT" time="7.422" errors="0">
  <testcase name="signinUsingLink" time="7.422" classname="quixxiversion3.SignIn"/>
</testsuite> <!-- quixxiversion3.SignIn -->
