<?xml version="1.0" encoding="UTF-8"?>
<!-- Generated by org.testng.reporters.JUnitReportReporter -->
<testsuite hostname="LKB-L-024" name="quixxiversion3.Stub" tests="2" failures="0" timestamp="3 May 2018 08:28:03 GMT" time="102.066" errors="0">
  <testcase name="openApp" time="18.163" classname="quixxiversion3.Stub"/>
  <testcase name="invitemail" time="83.903" classname="quixxiversion3.Stub"/>
</testsuite> <!-- quixxiversion3.Stub -->
