<?xml version="1.0" encoding="UTF-8"?>
<!-- Generated by org.testng.reporters.JUnitReportReporter -->
<testsuite hostname="LKB-L-024" name="quixxiversion3.SafariBrowser" tests="1" failures="0" timestamp="23 Nov 2017 07:18:07 GMT" time="0.000" errors="0">
  <testcase name="safari" time="0.000" classname="quixxiversion3.SafariBrowser"/>
</testsuite> <!-- quixxiversion3.SafariBrowser -->
