<?xml version="1.0" encoding="UTF-8"?>
<!-- Generated by org.testng.reporters.JUnitReportReporter -->
<testsuite hostname="LKB-L-024" name="quixxiversion3.ChromeBrowser" tests="2" failures="0" timestamp="25 May 2018 09:28:03 GMT" time="18.660" errors="0">
  <testcase name="createReport" time="0.716" classname="quixxiversion3.ChromeBrowser"/>
  <testcase name="chrome" time="17.944" classname="quixxiversion3.ChromeBrowser"/>
</testsuite> <!-- quixxiversion3.ChromeBrowser -->
