<?xml version="1.0" encoding="UTF-8"?>
<!-- Generated by org.testng.reporters.JUnitReportReporter -->
<testsuite hostname="LKB-L-024" name="quixxiversion3.BillingScreen" tests="1" failures="0" timestamp="16 May 2018 10:00:04 GMT" time="17.493" errors="0">
  <testcase name="billing" time="17.493" classname="quixxiversion3.BillingScreen"/>
</testsuite> <!-- quixxiversion3.BillingScreen -->
