<?xml version="1.0" encoding="UTF-8"?>
<!-- Generated by org.testng.reporters.JUnitReportReporter -->
<testsuite hostname="LKB-L-024" name="quixxiversion3.ControlFunction" tests="8" failures="0" timestamp="16 May 2018 10:00:04 GMT" time="417.176" errors="0">
  <testcase name="malwareDetection" time="16.143" classname="quixxiversion3.ControlFunction"/>
  <testcase name="diagnostics" time="130.971" classname="quixxiversion3.ControlFunction"/>
  <testcase name="illegalUsers" time="50.683" classname="quixxiversion3.ControlFunction"/>
  <testcase name="quixxi_superAdmin_004" time="65.885" classname="quixxiversion3.ControlFunction"/>
  <testcase name="piratedVersions" time="37.974" classname="quixxiversion3.ControlFunction"/>
  <testcase name="dataTab" time="59.662" classname="quixxiversion3.ControlFunction"/>
  <testcase name="chartTab" time="39.265" classname="quixxiversion3.ControlFunction"/>
  <testcase name="threatlogs" time="16.593" classname="quixxiversion3.ControlFunction"/>
</testsuite> <!-- quixxiversion3.ControlFunction -->
