<?xml version="1.0" encoding="UTF-8"?>
<!-- Generated by org.testng.reporters.JUnitReportReporter -->
<testsuite hostname="LKB-L-024" name="quixxiversion3.ForgotPassword" tests="1" failures="0" timestamp="16 May 2018 10:00:04 GMT" time="24.927" errors="0">
  <testcase name="forget" time="24.927" classname="quixxiversion3.ForgotPassword"/>
</testsuite> <!-- quixxiversion3.ForgotPassword -->
