<?xml version="1.0" encoding="UTF-8"?>
<!-- Generated by org.testng.reporters.JUnitReportReporter -->
<testsuite hostname="LKB-L-024" name="quixxiversion3.FirefoxBrowser" tests="2" failures="0" timestamp="16 Jan 2018 09:31:16 GMT" time="36.647" errors="0">
  <testcase name="firefox" time="35.920" classname="quixxiversion3.FirefoxBrowser"/>
  <testcase name="createReport" time="0.727" classname="quixxiversion3.FirefoxBrowser"/>
</testsuite> <!-- quixxiversion3.FirefoxBrowser -->
