<?xml version="1.0" encoding="UTF-8"?>
<!-- Generated by org.testng.reporters.JUnitReportReporter -->
<testsuite hostname="LKB-L-024" name="quixxiversion3.MarketPlaceFunction" tests="1" failures="0" timestamp="16 May 2018 10:00:04 GMT" time="521.826" errors="0">
  <testcase name="quixxi_superAdmin_005" time="521.826" classname="quixxiversion3.MarketPlaceFunction"/>
</testsuite> <!-- quixxiversion3.MarketPlaceFunction -->
