<?xml version="1.0" encoding="UTF-8"?>
<!-- Generated by org.testng.reporters.JUnitReportReporter -->
<testsuite hostname="LKB-L-024" name="quixxiversion3.Logout" tests="1" failures="0" timestamp="25 May 2018 09:28:03 GMT" time="28.172" errors="0">
  <testcase name="signout" time="28.172" classname="quixxiversion3.Logout"/>
</testsuite> <!-- quixxiversion3.Logout -->
