<?xml version="1.0" encoding="UTF-8"?>
<!-- Generated by org.testng.reporters.JUnitReportReporter -->
<testsuite hostname="LKB-L-024" name="quixxiversion3.SignUp" tests="1" failures="0" timestamp="16 May 2018 10:00:05 GMT" time="61.514" errors="0">
  <testcase name="userRegistrationNegative" time="61.514" classname="quixxiversion3.SignUp"/>
</testsuite> <!-- quixxiversion3.SignUp -->
