<?xml version="1.0" encoding="UTF-8"?>
<!-- Generated by org.testng.reporters.JUnitReportReporter -->
<testsuite hostname="LKB-L-024" name="quixxiversion3.SignInLink" tests="1" failures="0" timestamp="16 May 2018 10:00:04 GMT" time="44.830" errors="0">
  <testcase name="signinUsingLink" time="44.830" classname="quixxiversion3.SignInLink"/>
</testsuite> <!-- quixxiversion3.SignInLink -->
