<?xml version="1.0" encoding="UTF-8"?>
<!-- Generated by org.testng.reporters.JUnitReportReporter -->
<testsuite hostname="LKB-L-024" name="quixxiversion3.SubscriptionScreen" tests="2" failures="0" timestamp="16 May 2018 10:00:04 GMT" time="153.412" errors="0">
  <testcase name="subscriptionsForSecurity" time="65.178" classname="quixxiversion3.SubscriptionScreen"/>
  <testcase name="SubscriptionForControl" time="88.234" classname="quixxiversion3.SubscriptionScreen"/>
</testsuite> <!-- quixxiversion3.SubscriptionScreen -->
