<?xml version="1.0" encoding="UTF-8"?>
<!-- Generated by org.testng.reporters.JUnitReportReporter -->
<testsuite hostname="LKB-L-024" name="quixxiversion3.VideoandSupport" tests="2" failures="0" timestamp="16 May 2018 10:00:04 GMT" time="139.675" errors="0">
  <testcase name="video" time="113.095" classname="quixxiversion3.VideoandSupport"/>
  <testcase name="support" time="26.580" classname="quixxiversion3.VideoandSupport"/>
</testsuite> <!-- quixxiversion3.VideoandSupport -->
