<?xml version="1.0" encoding="UTF-8"?>
<!-- Generated by org.testng.reporters.JUnitReportReporter -->
<testsuite hostname="LKB-L-024" name="quixxiversion3.VerifyingDocs" tests="2" failures="0" timestamp="16 May 2018 12:10:34 GMT" time="65.541" errors="0">
  <testcase name="controlDocs" time="38.559" classname="quixxiversion3.VerifyingDocs"/>
  <testcase name="securityDocs" time="26.982" classname="quixxiversion3.VerifyingDocs"/>
</testsuite> <!-- quixxiversion3.VerifyingDocs -->
