<?xml version="1.0" encoding="UTF-8"?>
<!-- Generated by org.testng.reporters.JUnitReportReporter -->
<testsuite hostname="LKB-L-024" name="quixxiversion3.VulnerabilityCheck" tests="3" failures="0" timestamp="16 May 2018 10:00:05 GMT" time="383.792" errors="0">
  <testcase name="inviteDeveloper" time="26.434" classname="quixxiversion3.VulnerabilityCheck"/>
  <testcase name="vulnerability" time="224.333" classname="quixxiversion3.VulnerabilityCheck"/>
  <testcase name="externalVulnerability" time="133.025" classname="quixxiversion3.VulnerabilityCheck"/>
</testsuite> <!-- quixxiversion3.VulnerabilityCheck -->
